<?xml version="1.0" encoding="UTF-8"?>
<testng-results skipped="0" failed="0" ignored="0" total="1" passed="1">
  <reporter-output>
  </reporter-output>
  <suite name="Default suite" duration-ms="25986" started-at="2019-09-06T09:54:28 EET" finished-at="2019-09-06T09:54:54 EET">
    <groups>
    </groups>
    <test name="Default test" duration-ms="25986" started-at="2019-09-06T09:54:28 EET" finished-at="2019-09-06T09:54:54 EET">
      <class name="Test.ContactUsTest">
        <test-method status="PASS" signature="Setup()[pri:0, instance:Test.ContactUsTest@3e9b1010]" name="Setup" is-config="true" duration-ms="17602" started-at="2019-09-06T09:54:28 EET" finished-at="2019-09-06T09:54:46 EET">
          <reporter-output>
          </reporter-output>
        </test-method> <!-- Setup -->
        <test-method status="PASS" signature="TestContactUs()[pri:0, instance:Test.ContactUsTest@3e9b1010]" name="TestContactUs" duration-ms="7222" started-at="2019-09-06T09:54:46 EET" finished-at="2019-09-06T09:54:53 EET">
          <reporter-output>
          </reporter-output>
        </test-method> <!-- TestContactUs -->
        <test-method status="PASS" signature="closeBroser()[pri:0, instance:Test.ContactUsTest@3e9b1010]" name="closeBroser" is-config="true" duration-ms="1124" started-at="2019-09-06T09:54:53 EET" finished-at="2019-09-06T09:54:54 EET">
          <reporter-output>
          </reporter-output>
        </test-method> <!-- closeBroser -->
      </class> <!-- Test.ContactUsTest -->
    </test> <!-- Default test -->
  </suite> <!-- Default suite -->
</testng-results>
