<?xml version="1.0" encoding="UTF-8"?>
<testng-results skipped="0" failed="0" ignored="0" total="1" passed="1">
  <reporter-output>
  </reporter-output>
  <suite name="Default suite" duration-ms="17613" started-at="2019-09-06T09:58:18 EET" finished-at="2019-09-06T09:58:36 EET">
    <groups>
    </groups>
    <test name="Default test" duration-ms="17613" started-at="2019-09-06T09:58:18 EET" finished-at="2019-09-06T09:58:36 EET">
      <class name="Test.ContactUsTest">
        <test-method status="PASS" signature="Setup()[pri:0, instance:Test.ContactUsTest@6e6c3152]" name="Setup" is-config="true" duration-ms="12676" started-at="2019-09-06T09:58:18 EET" finished-at="2019-09-06T09:58:31 EET">
          <reporter-output>
          </reporter-output>
        </test-method> <!-- Setup -->
        <test-method status="PASS" signature="TestContactUs()[pri:1, instance:Test.ContactUsTest@6e6c3152]" name="TestContactUs" duration-ms="4057" started-at="2019-09-06T09:58:31 EET" finished-at="2019-09-06T09:58:35 EET">
          <reporter-output>
          </reporter-output>
        </test-method> <!-- TestContactUs -->
        <test-method status="PASS" signature="closeBroser()[pri:0, instance:Test.ContactUsTest@6e6c3152]" name="closeBroser" is-config="true" duration-ms="837" started-at="2019-09-06T09:58:35 EET" finished-at="2019-09-06T09:58:36 EET">
          <reporter-output>
          </reporter-output>
        </test-method> <!-- closeBroser -->
      </class> <!-- Test.ContactUsTest -->
    </test> <!-- Default test -->
  </suite> <!-- Default suite -->
</testng-results>
