<?xml version="1.0" encoding="UTF-8"?>
<!-- Generated by org.testng.reporters.JUnitXMLReporter -->
<testsuite hostname="DESKTOP-E2K87G5" ignored="6" name="All" tests="7" failures="0" timestamp="2019-09-06T06:09:43 EET" time="30.509" errors="0">
  <testcase name="TestContactUs" time="4.132" classname="Test.ContactUsTest"/>
  <testcase name="testHomeTotalItemCount" time="2.007" classname="Test.HomeTest"/>
  <testcase name="testHomeBestSellerItemCount" time="0.089" classname="Test.HomeTest"/>
  <testcase name="checkEmptyPassword" time="3.073" classname="Test.LoginTest"/>
  <testcase name="checkWrongPassword" time="2.675" classname="Test.LoginTest"/>
  <testcase name="checkExistingEmail" time="3.749" classname="Test.LoginTest"/>
  <testcase name="searchTest" time="2.534" classname="Test.SearchTest"/>
  <testcase name="@BeforeTest Setup" time="0.0" classname="pom.BaseClass">
    <ignored/>
  </testcase> <!-- @BeforeTest Setup -->
  <testcase name="@BeforeTest Setup" time="0.0" classname="pom.BaseClass">
    <ignored/>
  </testcase> <!-- @BeforeTest Setup -->
  <testcase name="@BeforeTest Setup" time="0.0" classname="pom.BaseClass">
    <ignored/>
  </testcase> <!-- @BeforeTest Setup -->
  <testcase name="@AfterTest closeBroser" time="0.0" classname="pom.BaseClass">
    <ignored/>
  </testcase> <!-- @AfterTest closeBroser -->
  <testcase name="@AfterTest closeBroser" time="0.0" classname="pom.BaseClass">
    <ignored/>
  </testcase> <!-- @AfterTest closeBroser -->
  <testcase name="@AfterTest closeBroser" time="0.0" classname="pom.BaseClass">
    <ignored/>
  </testcase> <!-- @AfterTest closeBroser -->
</testsuite> <!-- All -->
